0 info it worked if it ends with ok
1 verbose cli [ 'C:\\Program Files\\nodejs\\node.exe',
1 verbose cli   'C:\\Users\\oner\\AppData\\Roaming\\npm\\node_modules\\npm\\bin\\npm-cli.js',
1 verbose cli   'start' ]
2 info using npm@3.8.8
3 info using node@v4.2.6
4 verbose stack Error: missing script: start
4 verbose stack     at run (C:\Users\oner\AppData\Roaming\npm\node_modules\npm\lib\run-script.js:147:19)
4 verbose stack     at C:\Users\oner\AppData\Roaming\npm\node_modules\npm\lib\run-script.js:57:5
4 verbose stack     at C:\Users\oner\AppData\Roaming\npm\node_modules\npm\node_modules\read-package-json\read-json.js:345:5
4 verbose stack     at checkBinReferences_ (C:\Users\oner\AppData\Roaming\npm\node_modules\npm\node_modules\read-package-json\read-json.js:309:45)
4 verbose stack     at final (C:\Users\oner\AppData\Roaming\npm\node_modules\npm\node_modules\read-package-json\read-json.js:343:3)
4 verbose stack     at then (C:\Users\oner\AppData\Roaming\npm\node_modules\npm\node_modules\read-package-json\read-json.js:113:5)
4 verbose stack     at C:\Users\oner\AppData\Roaming\npm\node_modules\npm\node_modules\read-package-json\read-json.js:232:12
4 verbose stack     at C:\Users\oner\AppData\Roaming\npm\node_modules\npm\node_modules\graceful-fs\graceful-fs.js:78:16
4 verbose stack     at FSReqWrap.readFileAfterClose [as oncomplete] (fs.js:380:3)
5 verbose cwd C:\laragon\www\laravelReactRdx
6 error Windows_NT 6.3.9600
7 error argv "C:\\Program Files\\nodejs\\node.exe" "C:\\Users\\oner\\AppData\\Roaming\\npm\\node_modules\\npm\\bin\\npm-cli.js" "start"
8 error node v4.2.6
9 error npm  v3.8.8
10 error missing script: start
11 error If you need help, you may report this error at:
11 error     <https://github.com/npm/npm/issues>
12 verbose exit [ 1, true ]
